-1.4774146183919052
-0.16452620647362026
-0.1619430589889587
-0.14176175040016614
-0.20918042888133836
-0.2054031545073733
-0.1844632806697674
-0.24087762985040045
-0.23739729906313617
-0.21896414055888205
-0.2660892156882694
-0.2635070100109772
-0.2525593492957961
-0.28269881736817704
-0.2804935208958653
-0.27297991775944525
-0.2943548169251004
-0.2915402987806847
-0.28398674358091686
-0.2995832750569471
-0.2973478279920958
-0.2897918214750042
-0.30243633963665234
-0.2998017888809564
-0.2906785715656473
-0.30129262459242995
-0.29834020562124136
-0.29047792866793876
-0.2975228055061573
-0.2946843141866134
-0.2873169129585658
-0.29015851375154667
-0.28791152949050297
-0.28000235444703264
-0.2792600839040643
-0.2781553246854539
-0.27225512629316523
-0.26791114308397035
-0.26679657220418296
-0.2602147475702035
-0.17322453077333577
-0.1738730262657973
-0.18176235900288565
-0.18370745291235382
-0.18445287040807945
-0.1915414064230815
-0.19344717669143938
-0.19420850850006627
-0.20154479847446413
-0.20561435858586913
-0.20676355881753866
-0.2138842379579829
-0.2118100672547613
-0.21260554173280302
-0.21883780990193516
-0.20994873380514797
-0.21096262853830433
-0.21504192834620486
-0.19919037152798777
-0.20056711448311093
-0.20401181296161539
-0.17946666546950246
-0.18103296341345335
-0.1851692813740574
-0.14923803039465286
-0.15232509383004852
-0.15417819200253197
-0.19561158673523213
-0.19207390936375543
-0.18563901033452967
-0.23200412759212682
-0.22724348086007284
-0.22018623940402235
-0.26160938277894186
-0.2561099914617471
-0.2529720726225353
-0.2818344585949706
-0.27746796172947186
-0.2812557319437447
-0.2956788363784816
-0.2929543551155066
-0.30025821728219176
-0.30583626870603836
-0.3050230499428583
-0.3142617601164333
-0.31398380329426523
-0.31427974965945454
-0.3247722761774458
-0.3211131169557567
-0.32193378557008173
-0.33394965923575803
-0.3247950512318123
-0.3274015145049903
-0.3385339357752341
-0.32814136473817757
-0.331484347262888
-0.34194050003218285
-0.3302953724886622
-0.33404025851543595
-0.343748876050391
-0.33065282729557577
-0.3351715567777197
-0.34336072375295995
-0.32982243538044276
-0.3342006815239712
-0.3410311098905824
-0.3280695718246304
-0.33182699810333033
-0.33825561106279617
-0.3244838569939518
-0.32721340783860237
-0.3343909328722728
-0.31806855245903387
-0.3219638363586682
-0.3296729176898602
-0.30972085206282807
-0.3137071057020711
-0.32154429391883
-0.2976011263337906
-0.3004653501808829
-0.30711291644975686
-0.27764123401319785
-0.2803720848130639
-0.2876561974869013
-0.24916387963773035
-0.25262160077097834
-0.26081366171223036
-0.21173876367369546
-0.2164048514779121
-0.22422315178176677
-0.20025356107501002
-0.19558475898350572
-0.18688520207187292
-0.24408784464086
-0.23800896616893943
-0.227096903252976
-0.27679319359065996
-0.270395941929614
-0.260174321960367
-0.3009332325189027
-0.2951310623983874
-0.2914576182543983
-0.3171703762413231
-0.312314501635201
-0.3119122026014559
-0.32817268413555056
-0.32495226650491077
-0.3238570633555241
-0.3357589459523298
-0.33441744045015476
-0.33319427413159514
-0.3423569344705865
-0.3411642417177067
-0.3407265071910093
-0.3474126785614606
-0.34672052752280325
-0.3463798637561227
-0.35206926899143937
-0.3506996775093647
-0.35203607157312355
-0.35358542128406933
-0.3524367162955351
-0.3547590537307586
-0.35192730856110904
-0.3524815757734198
-0.35448160018245256
-0.3503513862766469
-0.35060433178398287
-0.3535635401076755
-0.3480871431190583
-0.34852940069869526
-0.35304113984239505
-0.3452625241121936
-0.34512090309509624
-0.35191026117992036
-0.3402949542989555
-0.34084705306220625
-0.35028434460498586
-0.33071737858266204
-0.3326726037756389
-0.3458063938448142
-0.31689324791993995
-0.32031760756212385
-0.33509370815701794
-0.3025759013652791
-0.30271032397674985
-0.32052278148391655
-0.2871322651140974
-0.28932608409567667
-0.30704062245619784
-0.2647243170923272
-0.26492780245225417
-0.28076840324047786
-0.38745294908924544
-0.3881463677370042
-0.3773004909165806
-0.383156005678525
-0.3834887823196387
-0.3717469162770095
-0.3785312440200731
-0.3787982189816317
-0.36706137438617814
-0.3743133503525626
-0.3745623549849419
-0.36338632319890973
-0.3699255495341547
-0.3701666420049297
-0.3590755616603056
-0.3653498200098905
-0.365274067604469
-0.3550804337669153
-0.359927362869926
-0.36010282799885623
-0.3508655786414279
-0.3541932286717271
-0.35437329287721725
-0.346928774072285
-0.34606384343705426
-0.34716460500691737
-0.34140936578246833
-0.3375056313050145
-0.33939394884969554
-0.33500747208985754
-0.3272671363026788
-0.32994490387844533
-0.32510184864161135
-0.3163820832537809
-0.31937806470295566
-0.3153306817759433
-0.30475080132122656
-0.3077112933855493
-0.3049584299767259
-0.1962565497084778
-0.19223426107423097
-0.19122526809499824
-0.20841350202467257
-0.2047036279842701
-0.20291943992905406
-0.2215879133731566
-0.21805893546301308
-0.21613528295308143
-0.23856799740502044
-0.23555982528488384
-0.2318860232886975
-0.253229693780943
-0.2510443451668534
-0.24660591067641466
-0.26506371834619397
-0.26397733925617733
-0.2584804174155378
-0.27480188323986954
-0.2747822728989923
-0.26911288412356327
-0.2843242546186471
-0.2851797834875867
-0.27928093526722536
-0.29305335375671315
-0.2940013989950442
-0.2875609392356671
-0.3019416375484805
-0.30303881257474935
-0.29597781569283715
-0.30995353406608767
-0.31117047274935816
-0.30423686518641435
-0.3177177483560781
-0.3193133331534119
-0.31335196517367436
-0.3250250633357774
-0.3261874846837749
-0.32203657899150795
-0.3321336927747616
-0.3326191250207267
-0.3298788446390168
-0.33789978472865784
-0.33884107824107673
-0.33817706348479704
-0.34304669871109295
-0.34362737689930417
-0.3464006946948368
-0.3479664700939405
-0.3481070385402537
-0.3526313882489888
-0.35035414727714514
-0.3508176530476616
-0.3570458372562884
-0.35236399638764504
-0.35322488706179483
-0.3602856733686661
-0.3540723862170352
-0.355543804004825
-0.3635720338025834
-0.3553990567931015
-0.3574642417970378
-0.36412328608978334
-0.3563647989189041
-0.35905718895244354
-0.36418140919354813
-0.35718094852680193
-0.3602629531238512
-0.36449291478818274
-0.3574734330216392
-0.3600843424128333
-0.36349715156853396
-0.35655335372446906
-0.3592585177949706
-0.36238314437735036
-0.3565142406953454
-0.35934613627972223
-0.36094207352740043
-0.3569603993096663
-0.3597185103384578
-0.35920171796486144
-0.3576701669405247
-0.36018041398066364
-0.35948923220266343
-0.35735496155843416
-0.35976405726083366
-0.35774006990553014
-0.3582944009379349
-0.36046795069997667
-0.35714364633707996
-0.35936214657711935
-0.3610574143015076
-0.35567503314547516
-0.3622475497453958
-0.36236574821185064
-0.35622334465015004
-0.3647742590518489
-0.3645253297356472
-0.35757216863505253
-0.3666628821620829
-0.3663364393216273
-0.3592900097719214
-0.3691578642468792
-0.3686383130567044
-0.36181292463527903
-0.37116375173935756
-0.3702960624323534
-0.3644527756721125
-0.37305111923205025
-0.3726077893117801
-0.36836418863124976
-0.3742581417719985
-0.3735126118441972
-0.3701245283933158
-0.37518889148643736
-0.3747708208448887
-0.37075757695889855
-0.37609135910737007
-0.37572803144649686
-0.3724439872621715
-0.3771809641662093
-0.377491582461785
-0.37315839021877023
-0.3777890320047857
-0.3779909793206707
-0.37294061308107235
-0.37775286907343897
-0.37825287636904165
-0.372235135251524
-0.37721527387549486
-0.37830540589579775
-0.3708616081958492
-0.3763618946713647
-0.3774609836853091
-0.36865613749057674
-0.3745844594039588
-0.3759391231754672
-0.36680221844874655
-0.3711180535803103
-0.37277711971613053
-0.36430861109243107
-0.3685487286407063
-0.370029981971803
-0.36209935995747594
-0.3694453461094412
-0.3675238518567426
-0.3606569131855365
-0.37378429768749016
-0.3749143129494109
-0.3641441452969429
-0.3827252762154788
-0.3797899338150703
-0.3678787166841685
-0.2366431345983967
-0.23473743565263908
-0.22498138660573977
-0.2559794841750741
-0.2541357411730719
-0.24275683633075615
-0.2743822687865218
-0.2717900162298527
-0.26005947356780024
-0.28998598136042997
-0.2871032580625926
-0.2753345307655449
-0.30397703835272183
-0.3012274863221541
-0.29003802566629033
-0.31748168436184837
-0.314016619293249
-0.30377483046147313
-0.32953498047399776
-0.32602037814077667
-0.3170849353609535
-0.3409731195051958
-0.33754541564126134
-0.3295803585152999
-0.35200208331859073
-0.3484365457588413
-0.3429776783339325
-0.3611353770625923
-0.3583112447757999
-0.3565697235202966
-0.3693333763107414
-0.36689827729249275
-0.3664208660952057
-0.3771853550386846
-0.37478177304817395
-0.3756443169294118
-0.3833672494395652
-0.381899333759112
-0.38433081452772183
-0.38952652216625583
-0.38809386429370807
-0.3908614786533356
-0.39533767071793435
-0.3940361864827083
-0.3968528244465286
-0.400299158595678
-0.39906547532559195
-0.40285832656733606
-0.40402129174275997
-0.4036569358004966
-0.40595101298482555
-0.4083158574408409
-0.4080653868034316
-0.410180861310707
-0.41130206105078565
-0.4116112345002071
-0.41499412583602935
-0.4141057965305764
-0.41510916180897633
-0.4170634522947515
-0.4172787685114034
-0.41834636149899096
-0.42005887580077633
-0.42016662435752744
-0.42099434208382697
-0.423356495186818
-0.42256187610559515
-0.4234563202885062
-0.426012688113856
-0.4256351606362812
-0.4253639757965175
-0.4280212497673194
-0.42691075458992844
-0.42771972526244567
-0.4295607574905637
-0.42892507162094995
-0.4292111546783608
-0.43168393050829423
-0.4308834100598859
-0.43076505349209016
-0.43255393307846585
-0.4316396711301856
-0.4325688769574015
-0.43428004457269404
-0.43317683275091895
-0.4337949331664215
-0.4343335953442573
-0.43428759503137365
-0.4346783464531255
-0.43468911673426236
-0.4341528407939289
-0.4348670283896219
-0.43615845178723395
-0.43389263157997127
-0.43456995748238486
-0.435513518542341
-0.43445358229498937
-0.43415960594691316
-0.4354380890975232
-0.43328304597288614
-0.4355315299149383
-0.4381911668394434
-0.4321963546072586
-0.43448063102703677
-0.4361660827548594
-0.43370458642072074
-0.4351940998914549
-0.4359048548080086
-0.4329441035920981
-0.43405648729884005
-0.43548525250339193
-0.43206963342144267
-0.43394491699754195
-0.4342099383433978
-0.43074115258980405
-0.43294179491547047
-0.4321051795441251
-0.43030550475325685
-0.4314869453347467
-0.43188495770931845
-0.4294236757427512
-0.4317892605739517
-0.4318515810210903
-0.4287587762876754
-0.43061397548203045
-0.4301047999632009
-0.4280268016090328
-0.4299717308945786
-0.430284414865152
-0.4268446617652337
-0.42830659222927125
-0.4303284086464587
-0.4264587427701924
-0.42807952295762486
-0.4287988176114054
-0.42618991450601523
-0.4274020863888924
-0.4270727987067274
-0.4245454086708752
-0.42564560338573826
-0.42641258200043713
-0.42131031132051383
-0.42402544802571607
-0.42597647737332067
-0.4210432800313453
-0.4212629065425117
-0.4245628409692702
-0.418545730890653
-0.42076565418626966
-0.42401151461490555
-0.41512730645538154
-0.41646470851174583
-0.4210216725799659
-0.40954536246548773
-0.4115243380740922
-0.4173409792992171
-0.40616820167857653
-0.4074700466425018
-0.4121956164746174
-0.39994553309543196
-0.40177957001000497
-0.40674001807573473
-0.3942922219806715
-0.39501516460544017
-0.400117563002044
-0.3860597191394999
-0.38606400657197393
-0.39128038813381444
-0.37718308761169617
-0.3767107804568896
-0.38341133488559836
-0.3679546213918756
-0.366645420846303
-0.37411444303534896
-0.3566354495225802
-0.3551506902680634
-0.36399177420065154
-0.3437707785278497
-0.34242150478602795
-0.3510822932300302
-0.3295416844524349
-0.32852781825456623
-0.3381274379160591
-0.3148625832458876
-0.3146699490145351
-0.3241465363863935
-0.2989634228760564
-0.29853535756556654
-0.3088406288403761
-0.2813930275038362
-0.2816370704963747
-0.29117888514226525
-0.2543535529531892
-0.25488842214316937
-0.24839277524492642
-0.24110096729836003
-0.24257306982441218
-0.23675040139534043
-0.22931832836076665
-0.22990376340370586
-0.22348228315109006
-0.29266854932752223
-0.2955130216719912
-0.29431976358811407
-0.2793132347591777
-0.28163149026221834
-0.28149345557718364
-0.26497784049799206
-0.2671027900567937
-0.26715812766512087
-0.22292674261562379
-0.2262033087480446
-0.23553874051641432
-0.25832272202027456
-0.25892930400681674
-0.2638006355080435
-0.15910858550210683
-0.16547265531800098
-0.1687898310736004
-0.23898637244359777
-0.2395309984863843
-0.24602518578302718
-0.2119156506886966
-0.2111569595265819
-0.208416093994094
-0.24659956231097765
-0.24838813651112046
-0.2496974140075695
-0.14381532336205835
-0.14167630516499405
-0.13338274723313331
-0.21359312047738196
-0.21202966916308255
-0.19760313697151718
-0.19430860855773902
-0.19521270338844868
-0.19643499228792533
-0.23089767419701984
-0.23181174979710553
-0.23374860576629664
-0.1466267169040611
-0.14406309922206365
-0.13292049455531063
-0.19607351338244128
-0.19513138209389147
-0.17994139327340553
-0.10633005081324699
-0.11096490321099335
-0.1103388053583067
-0.22058358783214985
-0.2218767234296045
-0.22872254854598287
-0.18092844743545172
-0.1803323840492764
-0.1828781257319721
-0.21818158894079448
-0.21769525740482873
-0.22015313215653534
-0.15227778796553323
-0.1554130822396436
-0.1647365045394082
-0.1631324038818506
-0.1652382440248688
-0.17393126527832234
-0.1752324801834446
-0.17094243803119352
-0.17196115927029934
-0.1860116593570139
-0.18165648388027122
-0.18189538045699366
-0.17397557679718517
-0.17808562781226492
-0.18728363560724198
-0.20497987525824107
-0.20656348159686472
-0.21344749134823876
-0.11815970510453407
-0.12435678204291085
-0.12912644139717286
-0.1909888182659489
-0.1924392533373036
-0.19874399644749294
-0.07794940647395951
-0.0839269918892847
-0.08405062578239084
-0.17748417225682195
-0.17965012036620842
-0.18500719165231075
-0.13765361416967134
-0.14140091991849477
-0.1480972338272964
-0.1654308761446735
-0.1676463615186803
-0.17169708675283027
-0.08800513221069234
-0.0941293878060332
-0.09811119270806357
-0.1540168038629802
-0.15612132401819595
-0.1599150096318641
-0.16552032417705717
-0.16233159115638293
-0.16788548147052296
-0.2069499395837473
-0.20543030160459122
-0.20795615265732717
-0.14717125864781055
-0.1441904196959538
-0.15090750110497478
-0.19647584548361116
-0.1938754231108452
-0.19622147555028988
-0.1296801467184208
-0.12652430252507824
-0.1351818033736677
-0.186615987073936
-0.18381024549356043
-0.18626600625868556
-0.11209518534795168
-0.10889046036329167
-0.11673823082795448
-0.17648029558531722
-0.17373321044672985
-0.17636969222175292
-0.06438511023736652
-0.0648427500834384
-0.05963146139379978
-0.05695613171806103
-0.05728594296848248
-0.05108420288501852
-0.049760035640554125
-0.04968500341489129
-0.04525601025597363
-0.11817791267828828
-0.1148621313628163
-0.08705234925435018
-0.16595159867121756
-0.1651389214048924
-0.15053012997360493
-0.18028022692792214
-0.17899679064492355
-0.164577521538047
-0.1088512004917224
-0.10714245648985479
-0.09672094014478362
-0.1518211378625854
-0.15124523487343042
-0.13749426083523508
-0.10492956684936826
-0.10414682007413188
-0.09404516385839078
-0.08760227814499404
-0.0855011100825212
-0.05670116004189032
-0.13928065266769307
-0.1384289306201813
-0.12438788511427439
-0.07546725808686623
-0.07412647687502427
-0.06486053934772919
-0.1281201259053225
-0.12693420004194197
-0.1141154981123103
-0.14254266975530386
-0.14526916734440126
-0.15519698187429012
-0.16530650013930512
-0.16121848146566037
-0.16279801289229745
-0.1328968135624985
-0.13646424044641303
-0.14630272183273613
-0.1558145526551921
-0.15257013817988133
-0.15310099140115552
-0.05616155824661003
-0.06326572751156385
-0.06326575678862223
-0.14301696596955552
-0.1452925797205155
-0.14869020801733693
-0.1082155836796539
-0.11113063833543774
-0.1152852453209704
-0.13381609237687103
-0.13544826353655598
-0.13774370178321935
-0.06984220275350037
-0.07060048153074813
-0.06727919770010679
-0.16768036648946058
-0.1649846522489324
-0.166624424657997
-0.042682759710230285
-0.0431002732178493
-0.039759122034901125
-0.08102303575615852
-0.07971162355870041
-0.0712203018641684
-0.11784933796114143
-0.11683168583439175
-0.10461476514736633
-0.06704308451606662
-0.06466584835519831
-0.03901111255570751
-0.10907977725107859
-0.10745505356269032
-0.09628820491524714
-0.05394444905084987
-0.05283772888849208
-0.042674084152585716
-0.09993192519738894
-0.09839865351957001
-0.08718089736507996
-0.12498990877008317
-0.1287599342152586
-0.13876303859495748
-0.14824134113461715
-0.1457435453968017
-0.14713016960124445
-0.1177302847208744
-0.12119255320287124
-0.1326779236211676
-0.1407726279469462
-0.1392934467822409
-0.14185324804149682
-0.06565802449229027
-0.07136077120651645
-0.07456247978404035
-0.1255608551570421
-0.12692385665024036
-0.12909124428509694
-0.04311897958991739
-0.04888394249840309
-0.04899447293736117
-0.11770887642909972
-0.11904938615538344
-0.12135133107397139
-0.08713702183079176
-0.08974036127715303
-0.09237556126365506
-0.11140546810146615
-0.11199411155780709
-0.11384919472060885
-0.0978381637359618
-0.09438417071818436
-0.09934522695789136
-0.07347093370980647
-0.07518109166439435
-0.073156178323642
-0.15913995979902767
-0.1561752757468199
-0.15733644034561733
-0.07701067499188832
-0.07892890267637068
-0.0769498007189168
-0.1508636360543239
-0.1484894540381432
-0.14778849222268442
-0.08009879446021205
-0.0813041739229851
-0.07862658791150866
-0.14274080653848129
-0.14096939500659725
-0.1399162874161963
-0.03768196755492528
-0.03728693365048352
-0.03655584959465204
-0.06019704650045779
-0.05897170926892972
-0.05080826129503311
-0.09218230701039103
-0.09053581144078507
-0.08019404295079574
-0.05157332919479594
-0.04897460491293251
-0.024555476716153792
-0.08544010554058558
-0.08344927891881657
-0.07413623055486036
-0.03865908762530528
-0.03778963618989758
-0.025954527775964308
-0.0790468726210793
-0.07714672862618366
-0.06749443845629971
-0.11171878599383775
-0.11426340650811227
-0.12520230436102156
-0.13503849374874738
-0.13356391166060208
-0.13791644347235366
-0.10594434167057616
-0.10752517654490776
-0.11887158298641483
-0.12961603660878257
-0.12839267205498925
-0.13370158834686563
-0.08209932556976228
-0.08250860574668174
-0.07717659697599287
-0.1361892908817956
-0.1340942426352463
-0.13148642716704345
-0.03297598300805126
-0.03225254069362775
-0.035180582118621975
-0.04631923938517251
-0.044732294839387884
-0.037026345008628
-0.07297654433386312
-0.07177512528026513
-0.06155378007030114
-0.1006684320713872
-0.10140581286324757
-0.11135089676827221
-0.12504030708451883
-0.12350009765452837
-0.12970646045347542
-0.09504616137432322
-0.09480423476482326
-0.10401037422449652
-0.1206525062661109
-0.11910438467451628
-0.12539569891487165
-0.08865735062359696
-0.08862307907764033
-0.09812079480206956
-0.11643461259860031
-0.1148685206778262
-0.12172064772760333
-0.05153274307942769
-0.05632248425008018
-0.05871657117878542
-0.10495801910664981
-0.10557154819432586
-0.10745605085458826
-0.035582566970036984
-0.039530020610548125
-0.04007772293035119
-0.09875589647449698
-0.0994570390107882
-0.10135129058303771
-0.07035690947092474
-0.07341208788866473
-0.07571360598941645
-0.0936267930746851
-0.09433779011180496
-0.0957115815794457
-0.0856690260892224
-0.08099418408242552
-0.08418026202197598
-0.07385296106243625
-0.0695605513617727
-0.07083869150376816
-0.08183255278987828
-0.08263796776019249
-0.0756883998322053
-0.130096183751507
-0.1285561441360739
-0.12363070673908311
-0.08252385496999116
-0.08144355340172793
-0.07386842037474847
-0.12449020889599663
-0.12305147061966872
-0.11737114198175938
-0.08328294826270773
-0.0806429785360656
-0.07293201549396715
-0.12077290268742624
-0.11908171782940934
-0.11272076654909838
-0.040342379171170846
-0.03820051461589096
-0.014507482529232061
-0.06809096459061309
-0.0667895646040484
-0.056953283960901525
-0.08080555247909191
-0.08170010355521833
-0.09087125009577486
-0.11180985094014866
-0.11017795733981874
-0.11703510583677158
-0.041755685537479714
-0.044874384433601935
-0.04730610933275298
-0.08968261238994586
-0.08955038138702769
-0.09054225205383945
-0.030354724386307364
-0.032963482270439735
-0.03344085279391958
-0.08471465134439694
-0.08468685464974386
-0.08525847404833665
-0.02793466385923917
-0.02702947739521692
-0.015048946725077906
-0.06292414473385526
-0.061644543349633214
-0.053895378845188406
-0.028704454728721296
-0.028238676289353153
-0.03391035631978858
-0.03644366873339535
-0.034902901918474456
-0.02907953022227213
-0.058767429814035675
-0.05761243649051426
-0.05035045204274404
-0.031004298461056266
-0.028477853784600195
-0.026163855740996944
-0.025600508697217455
-0.02431762520111846
-0.022458456462249102
-0.05843405320228885
-0.061563620818028186
-0.06194166846093928
-0.08103926945657436
-0.08072637046522203
-0.08041323790345618
-0.06264201207826983
-0.05962645621232377
-0.060254696846942936
-0.08298274352310982
-0.08016569449281728
-0.07092432152274528
-0.11736993296868092
-0.11537910867712581
-0.10852353907737544
-0.08065584171463737
-0.07707287533481336
-0.06956724405083461
-0.11398405446858237
-0.111710677536926
-0.10409227658963906
-0.07920217878677976
-0.07711500715941283
-0.0698717939450268
-0.11101514416025374
-0.1085197778454381
-0.10132122679382616
-0.03261371136009977
-0.030939169537568915
-0.011020421866062434
-0.05464343235736455
-0.054056296843276515
-0.04768169384620297
-0.024665249937886855
-0.024252875865672548
-0.030712840506458217
-0.050335983407236225
-0.050066259809731214
-0.04477083630404485
-0.02860086040041679
-0.028283257143955545
-0.024125182488258266
-0.04673740747519222
-0.0464999442767891
-0.042093907110500345
-0.026935506265129482
-0.025629230953042204
-0.00905680922398761
-0.04363683723334556
-0.04376617205626204
-0.03886811884797282
-0.020822817089097598
-0.021155828074442006
-0.028362171785328537
-0.020695040175634446
-0.02059818428952726
-0.010615101383179925
-0.039960768758911684
-0.040258053501015266
-0.03638977384290773
-0.015117213233310601
-0.014716394675689913
-0.0056510824967637464
-0.022040535632896957
-0.02142756376186415
-0.01935424490276481
-0.03731047248980507
-0.03705487207003982
-0.034292250924413493
-0.07211692812477624
-0.0727943766636804
-0.08321963620557205
-0.10751290752942809
-0.10552037192245327
-0.11148153119720088
-0.035395979404651515
-0.032725995258772816
-0.02826189499162931
-0.027777261975002892
-0.026245441600185666
-0.02359985292553389
-0.040863836828260176
-0.03737291265225476
-0.030487160393778055
-0.10200157987547663
-0.10012801361527573
-0.10637651646365363
-0.02426844627067402
-0.022253750280653906
-0.021473633456953665
-0.03423207161298109
-0.03642138307025692
-0.03842504105689175
-0.07770496563327506
-0.0766633590340096
-0.07683021724316486
-0.026186847111259477
-0.027449373540258355
-0.02772586035111139
-0.073513232530999
-0.07256880152666513
-0.07238890289945982
-0.05386340911490877
-0.05152568471006234
-0.05144159401075468
-0.07617134602128015
-0.07501118958950337
-0.06833543540017226
-0.10787993522842204
-0.10490405961627709
-0.09849467154044579
-0.07540810034086964
-0.07499804797574763
-0.06926921899742434
-0.10521783291681328
-0.10193348463722192
-0.09580739837395531
-0.07646969457055539
-0.07605120122582022
-0.07260452921161079
-0.1028100758888674
-0.09946450769432541
-0.09427342006557414
-0.07793716458491534
-0.07760433315000748
-0.07547421407783221
-0.10085749232742136
-0.09737719470670972
-0.09292101333251085
-0.061137743047216066
-0.06275510096302088
-0.07588935606987618
-0.050817994304044226
-0.05192170448746482
-0.06705755503075085
-0.09691033571716547
-0.09566897596903193
-0.10077561881144753
-0.05031058611314627
-0.04907454295240544
-0.03731281724981632
-0.09196380122492355
-0.09114818846863423
-0.0957150983467194
-0.04609234141312103
-0.04374727148156718
-0.03371806378069746
-0.05299109909931471
-0.052306124874263976
-0.041230832090304446
-0.08671279141746546
-0.08641188521899681
-0.09121096534293453
-0.023269883603760075
-0.020925702223140243
-0.01999797559002928
-0.048216189776434
-0.05178754667644784
-0.05137607821006388
-0.0699127415039189
-0.06943736439478643
-0.06848971163434343
-0.0271120392955855
-0.028641496082416125
-0.030125906220544802
-0.06682511049594252
-0.06579740351410647
-0.06485967742288666
-0.02306219310663696
-0.022699638658803215
-0.022477377454036194
-0.0632740603268899
-0.06301681324560096
-0.061295494566205345
-0.047157896692460226
-0.04511942798640679
-0.04424694288189021
-0.08044911616877418
-0.0789500936903456
-0.08034428584809405
-0.09804056601101485
-0.09453844552889348
-0.09144280402674636
-0.07923320311803826
-0.07865570141557662
-0.08288571135056283
-0.0947240848109209
-0.09132072489441184
-0.08947846394329287
-0.07837454729318549
-0.07582702713565302
-0.08154176260358713
-0.09182408396203805
-0.08873552211522892
-0.08682274935217837
-0.04165321511177708
-0.04207364551622891
-0.058311871178096
-0.054226394068256696
-0.053307249040710866
-0.04400940367687776
-0.08213240903664636
-0.08195659847139583
-0.08687224483150725
-0.05488918004208937
-0.0538250098027408
-0.045969170507980696
-0.07711718817162963
-0.077502522624892
-0.08244390443573216
-0.0226052162542853
-0.019162749647193847
-0.018471569442516936
-0.03988307814486389
-0.04420999237089466
-0.0441956648561055
-0.06076959104366142
-0.05979306144052309
-0.0591904775608568
-0.020845314260256625
-0.02290573049355956
-0.024645868296740363
-0.05754779291996576
-0.0577094442142749
-0.056076915067337814
-0.07544156034770552
-0.07203982971903658
-0.0776971641769616
-0.0894809907238501
-0.08636312758067843
-0.08451069028705151
-0.07047463992229269
-0.06754621722392883
-0.07329971107262502
-0.08571071495931558
-0.08346435738097274
-0.08157951829540247
-0.015236075037022878
-0.015918140157043875
-0.008279807222777508
-0.014005371576885443
-0.01432329786164176
-0.006813526110089806
-0.012522002794185163
-0.012880927220297973
-0.005137797519367743
-0.011815091655449281
-0.011595116158812587
-0.006025331725550511
-0.03357968046924752
-0.034105760344733
-0.04998013325263069
-0.056303496631688224
-0.055436474038590894
-0.048529232745360536
-0.07363889751851063
-0.0744316689957205
-0.07860412837085197
-0.021696551727484834
-0.017649817718338675
-0.01711363342427957
-0.019946981005675973
-0.01867408222472281
-0.018406556502582053
-0.05464141780710681
-0.05530258346587626
-0.05380556886458599
-0.04018481824202749
-0.04027935708074546
-0.038711210411055824
-0.01120359326015712
-0.011068181709364116
-0.007263383315078998
-0.022290589211792687
-0.021028699456583057
-0.0075860352942496495
-0.03459497488827256
-0.03460552851768301
-0.030949256250207297
-0.017722458076958283
-0.017252509128556578
-0.0245307738415338
-0.01645108015179008
-0.015664134831900912
-0.014169794555656978
-0.02899984123645773
-0.028177532176723814
-0.02622376461673321
-0.03156276427429155
-0.03120066382357548
-0.028383656016247642
-0.017605255714823558
-0.016409474415701054
-0.005672997438778363
-0.026655627501785704
-0.02557894644025833
-0.022806299054192767
-0.010526969641392178
-0.010754194707562796
-0.0023457152055502933
-0.027601441634314054
-0.028414023810618538
-0.04286284115462992
-0.05783156642965177
-0.05656748890908841
-0.051342794185442964
-0.07110240629366522
-0.07179935154222516
-0.07504652419816142
-0.058661303148108544
-0.05882690661951598
-0.053862484474524866
-0.06858913087513495
-0.06976409261107126
-0.07164141355265569
-0.058471529880405514
-0.05942660313495447
-0.05546100183709466
-0.06664682839471597
-0.06787480811986388
-0.06838536691110758
-0.05840018110769773
-0.05914032702514608
-0.05654995120895316
-0.06484604479491336
-0.06599923885979793
-0.06586923171825998
-0.058028728325318364
-0.05898545758895838
-0.057732776084518454
-0.06371491647132778
-0.06468975391222902
-0.0637593539802264
-0.020886512898797577
-0.015583069069628414
-0.014994812704751283
-0.06510525379023858
-0.06249065628118478
-0.06720271406091934
-0.08239979736194539
-0.08074520436043872
-0.0798509022258859
-0.017294543571706737
-0.01825454807925391
-0.012648188164966608
-0.03327467503913232
-0.03880944094792291
-0.03838566520531533
-0.05296248705299866
-0.05271760763995938
-0.05166909817593442
-0.0158038212255487
-0.01821023072482459
-0.020066436975818988
-0.0506064113307943
-0.05018523504256884
-0.04984895845690096
-0.03469328857423425
-0.036628501241153445
-0.03539901236200395
-0.06032081274924053
-0.05846406388249931
-0.061119204686271245
-0.0783780415434754
-0.07767968829301636
-0.0771297309308156
-0.018836402230414512
-0.020446461324088776
-0.019886047232567875
-0.07430214262822264
-0.07419445761668828
-0.07427446684708451
-0.018057228794234756
-0.019215624410517
-0.016010526244544444
-0.010073344790422807
-0.010135785931302497
-0.008622403022178681
-0.013770524752353344
-0.013756027731568822
-0.020313480498829112
-0.02430887735322034
-0.023245028424132744
-0.019780321652801608
-0.0082355132867122
-0.007211709368715161
0.0011221308712248915
-0.021809275193224256
-0.022995755306483855
-0.036474733927751884
-0.057469345051695195
-0.058314704917915086
-0.05838640651660817
-0.062265404867882866
-0.06318685397888925
-0.06208896728915157
-0.05597393879366875
-0.05695553491993184
-0.058968234747171465
-0.06096356376825371
-0.06168291056843463
-0.06057599754527806
-0.05436520678141646
-0.05519538741678497
-0.056995662839744395
-0.05972053695703466
-0.060009683271472936
-0.05914839780680766
-0.019687812013866324
-0.013908166692036471
-0.013283432970619074
-0.017177398886281538
-0.015619956114569981
-0.01564206249943241
-0.0481341270701145
-0.04818822088116405
-0.04753025891037767
-0.018246843219944096
-0.012374065283273736
-0.011980204056309427
-0.04681629626683199
-0.046364361406910665
-0.0456409006435605
-0.012750075411513368
-0.015568909579173121
-0.017588322216788355
-0.04572909996251078
-0.04513283535346973
-0.04439572885493282
-0.014629923463116054
-0.013321754924303876
-0.01337406704551474
-0.04359251056299655
-0.04403110660061616
-0.04264359318244087
-0.008959390572293497
-0.008913711473737365
-0.008760629670089368
-0.0120543689470874
-0.011230935264990907
-0.009360479690759605
-0.013835470966288052
-0.012179451166278893
-0.003421517972939312
-0.020539903723519645
-0.01878117440051104
-0.015211894519408962
-0.021887305453151703
-0.020937289730119723
-0.017665258820203335
-0.011134286322103743
-0.010436878742037211
-0.015254933541013014
-0.018894214052721462
-0.01682080038821853
-0.012050100390152465
-0.028569453046887863
-0.033990296123636916
-0.03366069658725107
-0.05546574039780809
-0.053747996292599465
-0.05438841961451672
-0.050790229607627246
-0.048522041876994895
-0.0478812310599101
-0.07113755867227026
-0.07098924101758503
-0.07091656514237446
-0.02034732906464301
-0.02246719914059011
-0.023035334082464474
-0.02244925480743644
-0.024551326785003456
-0.024929688285878236
-0.06804699519195506
-0.06768817579955663
-0.06783165828873616
-0.023710262241440076
-0.025632141927529828
-0.026422090799272893
-0.0648707128153171
-0.06477788552481319
-0.06481848502453684
-0.023981643796831237
-0.025496333942036407
-0.02687351532341095
-0.062194200429589834
-0.061049267076204
-0.061269435675725355
-0.007983965804025097
-0.007945935812743433
-0.009036266972983651
-0.01670133096821602
-0.01806906098931376
-0.02985634364471451
-0.05213834536577015
-0.05307252736805612
-0.0556718588300278
-0.05893139206399971
-0.05859279170229064
-0.05951076141713358
-0.016800883565452583
-0.010528548080835509
-0.010720132942422292
-0.012026252477388706
-0.013329952380972253
-0.01503749492568049
-0.04278859659306561
-0.04131440935630068
-0.0385407548841878
-0.0422295982878953
-0.0404049342319098
-0.03740404483951462
-0.025987713027613026
-0.03078586127546518
-0.02782062194176549
-0.012691860550438357
-0.01106174975432684
-0.011402082646063712
-0.03937396474480101
-0.03753535003788306
-0.0352119084855713
-0.023069133484902783
-0.027158693449797565
-0.024430201907694064
-0.037712875673354754
-0.03636522393648487
-0.033516447957589464
-0.030956728183832934
-0.03256826476659407
-0.031888196410945244
-0.028962587099880477
-0.030709351676312262
-0.0292695261369261
-0.045597740384518616
-0.0431368490145532
-0.04290197000285816
-0.04116045057387699
-0.03914574359728338
-0.03839639422526406
-0.03821255663275855
-0.03555293313416763
-0.034395920352314494
-0.024231002841340568
-0.02533654365086745
-0.026317946175673918
-0.02404304800779503
-0.024175922237642065
-0.0269176602355618
-0.059744151078421875
-0.05847121724682504
-0.05808149617518905
-0.05751156026435411
-0.055709064835678855
-0.05593547786573231
-0.023078835434162198
-0.024109798068098074
-0.024564747686613788
-0.055159581039976334
-0.05324895430073099
-0.05257868087138464
-0.021907029188204693
-0.022992914161703442
-0.02420451360262854
-0.05293884765755131
-0.05017591833787419
-0.04975440017675217
-0.021797516165744588
-0.02257245211866247
-0.02622348073531184
-0.023056943996687947
-0.024513678594043003
-0.026783913761197185
-0.0505299962191724
-0.047800952218922846
-0.047456042121602315
-0.04862385667010009
-0.04564977067934418
-0.04490547330960267
-0.023504966194041722
-0.026692370966167788
-0.02746764699325133
-0.04664817644951381
-0.04356198222143421
-0.04287388971977135
-0.025278641021352626
-0.02774921509558381
-0.02988891472117748
-0.04496506442879837
-0.041774086978427535
-0.04152175625235312
-0.02936127432983064
-0.030973540520790762
-0.030159066887470675
-0.04326420904308536
-0.04022509385909818
-0.039535899229302326
-0.006153808652459458
-0.00500080771071465
0.003495478211531934
-0.049906891117496355
-0.05122803587350382
-0.054019587766000375
-0.05776099717983998
-0.057340250803196255
-0.059137439189767944
-0.04805281472719628
-0.04930001575351623
-0.05192791375834116
-0.057165415784320876
-0.05634105932024504
-0.058575447199487526
-0.014643742188451922
-0.009206530486687339
-0.009086246049895396
-0.009796227081968117
-0.011239070169358352
-0.01299859770506983
-0.0362405956954445
-0.03414287622165748
-0.03176578471619193
-0.026682104194362562
-0.02647360028355626
-0.023809825839507595
-0.006575009801401669
-0.006537830056081268
-0.008686662934657061
-0.005130861179111404
-0.004931170402468992
-0.00763960700929137
-0.009147090265257155
-0.008181790565085122
-0.006449090706677344
-0.010845467470626702
-0.009485956587076806
-0.0008110142712236685
-0.0153441250761914
-0.013963946823602785
-0.008872774716509978
-0.01691976376068763
-0.015476027111928225
-0.01070033983381956
-0.008539169504244562
-0.008043078264306208
-0.011438797607327935
-0.007045232763186128
-0.006120583684337187
-0.0027031108370513045
-0.01254413451718489
-0.010800172325167745
-0.006562646469144446
-0.01399671955791215
-0.012435349862924805
-0.006982669682989524
-0.00821826889038187
-0.006818123212307393
-0.000341478713229279
-0.011182612536959725
-0.009686571450466709
-0.004599468312626339
-0.012304385676479854
-0.013576829061099999
-0.02336322095595766
-0.04534352368412157
-0.04670301238755814
-0.0495199893223629
-0.05588945493860248
-0.05494695230712175
-0.0569353866316469
-0.04183196491762813
-0.0440028957426964
-0.046930596168769406
-0.054340265329803204
-0.05362130315459006
-0.05542894653281822
-0.0384313795283575
-0.040296434110312064
-0.043223446093916075
-0.053203912679609916
-0.05186412099751069
-0.05325608674242312
-0.014772533151252305
-0.011567686887198617
-0.01003264064850701
-0.012508300412174994
-0.009618407411893657
-0.008498350364048805
-0.01054593125448082
-0.008243939919563606
-0.00741539730928393
-0.009112601057124541
-0.0070410435667288395
-0.0066475334411463275
-0.00782753564270298
-0.006112214929692466
-0.005837509672944755
-0.00676647627858894
-0.00553025335614241
-0.004839748495822506
-0.012505049293750565
-0.007607040100871293
-0.007117193886561833
-0.010091283386670586
-0.009192372596571213
-0.008980504747308792
-0.03522486279241076
-0.03254741256726362
-0.030453077952924623
-0.03309758759112435
-0.030979130501135748
-0.02851340838821688
-0.020592538297373803
-0.02337209040026447
-0.02139621450165507
-0.006837541544643344
-0.008747305740519776
-0.010234433059204287
-0.03094720598764888
-0.027271950567823
-0.025981184842485412
-0.03551314823708126
-0.033134673595957634
-0.031763549999515174
-0.033468512256558995
-0.031533142598036835
-0.029017817630170563
-0.03360195823973518
-0.03478580136991879
-0.03419571709321311
-0.04171539400171684
-0.03893302147193089
-0.03760116618984274
-0.03628385465932251
-0.03484631420611359
-0.03587107622729494
-0.03970433656050175
-0.037224872468657064
-0.03547169681337101
-0.03317323166107414
-0.03427913964281755
-0.03344478940008133
-0.023410842995362613
-0.022077334690819236
-0.023233087963756893
-0.033556709284309004
-0.03499469933408034
-0.03241001058152513
-0.02427122321401784
-0.023083450741014405
-0.02386225800539084
-0.009274429325299769
-0.01236923391002519
-0.012890972752137969
-0.010239000527718015
-0.013748792229111592
-0.014526788965959516
-0.004365625654064505
-0.003928450525800325
-0.005255506401877874
-0.0067081507597246594
-0.005900193715159034
-0.009304893925976688
-0.010363698435488754
-0.008380255062096281
-0.0028328793651557324
-0.007070841069273995
-0.007008391258656728
-0.006883058822621984
-0.02889660784119242
-0.025997892107387507
-0.024384971226168853
-0.0342107214413575
-0.035150142714783755
-0.03874109149531729
-0.050960740721424445
-0.04973443157850777
-0.05005885748130209
-0.01675001928006691
-0.014584288863724057
-0.011317765985984773
-0.028964565793978027
-0.029779480521933428
-0.03395979458036252
-0.04812990433639072
-0.04753955481794504
-0.04653126192120307
-0.019165338542412706
-0.017760074296011664
-0.01257146734084054
-0.00526033738753541
-0.004689042829585169
-0.004009255833958621
-0.0041999229632758445
-0.0040212338357328145
-0.002970221202826707
-0.0032339664031502285
-0.003270571122678532
-0.0024132291404268718
-0.009588835879008738
-0.005534362900500678
-0.005726951009207775
-0.026978286250728244
-0.02343695526386399
-0.02210783340572305
-0.017389450371719527
-0.01790259236336333
-0.01638088239651527
-0.02513357940574014
-0.023355039970692416
-0.02147257320561586
-0.02182576677191843
-0.01898950084873079
-0.01750191240354688
-0.0320807456058141
-0.02913915623263296
-0.028013933184770905
-0.0009645712024182457
-0.0013795583190864015
-0.001635816213821542
-0.0008603802186552259
-0.001006116050195168
-0.0006291700416339438
-0.00038347762323486553
-0.0007155596912627929
0.001034778818556233
-0.00028709587654201217
-0.0003689136611510069
0.0003993794139239499
-0.004516987164057695
-0.00357524883798519
0.004379173038302724
-0.009050371786962132
-0.009169472024557295
-0.017133301615414372
-0.004163864294041806
-0.00671084963717118
-0.0076890670866687294
-0.02448435762009374
-0.021593975373924736
-0.019585494619351027
-0.031031818469346585
-0.027183004176170776
-0.025549886574123694
-0.0001471437851281925
-0.0001750261775389449
0.00041703972296035886
-0.00022044580404049087
-0.0001213719992237632
-0.00018653805238863036
-0.005612115039656946
-0.004742056317948752
-0.00010534497847251777
-0.009441028751680564
-0.0075991027014904065
-0.0024225201707322036
-0.006930898664720416
-0.005144562828525517
0.00026815509396443515
-0.008492992077757925
-0.0067461407668212075
-0.0010211765381521517
-0.0032299270788278284
-0.0021977310414315657
0.006485163402200052
-0.0034304612617382995
-0.002645149417714389
-0.005711021143684358
-0.0048881406997605265
-0.004614407014780302
-0.006735772258423561
-0.0072855109850831195
-0.006153952956488362
-3.078706236412948e-05
-0.0037911600315469027
-0.0034736143113691027
0.00379564844080445
-0.006056635655502152
-0.005285950617338709
0.0005347222197398906
-0.0047891680058268545
-0.0037068740440743208
0.0007278850182376379
-0.005578870017136031
-0.004413015856844342
0.0020903434229577445
-0.0035406992586405088
-0.002783957319812214
-0.004874124296574091
-0.0048864907572275336
-0.003235033180843488
0.0030641847073761283
-0.0023649194657366156
-0.0014005421119146324
0.006627681698464183
-0.0029643436465778576
-0.002868448238159316
-0.004257989599397017
-0.0044986576055647135
-0.004477990236525977
-0.00806176044528629
-0.006704432757231598
-0.006601723234232143
-0.011790376546469614
-0.024304299410797717
-0.02423913505539306
-0.028256665763830267
-0.04547160571611171
-0.04475080356356426
-0.042470040558942636
-0.01545371168853348
-0.01597464873151325
-0.017264051746594303
-0.02017016885448388
-0.019968986013042558
-0.023360449930212523
-0.040411049912314326
-0.03978215785084121
-0.036397144559637815
-0.04328137249808741
-0.042627504426587366
-0.04010184020562999
-0.00917715650248188
-0.009302975659096274
-0.009208094952152754
-0.012250416290217449
-0.01257374864073741
-0.012648518798293434
-0.03468234770816788
-0.034117889552297664
-0.031011450479676184
-0.037555010566784154
-0.03703102715777645
-0.033477864403923106
-0.024747371188082363
-0.023729923801994325
-0.022738634253371078
-0.0252811041221762
-0.023788929402951176
-0.022579969902980987
-0.030721122471348297
-0.029705491090735923
-0.02610594137979019
-0.03256707517505913
-0.031470301898383415
-0.028481708951646003
-0.023849580338366035
-0.022907535954320865
-0.022672337110022266
-0.028551655665318913
-0.027682720016980657
-0.023337509230174556
-0.023163486770087182
-0.023028304697419635
-0.021824295179333607
-0.023502368091690477
-0.023046472096662936
-0.02212196899629746
-0.025505191205686038
-0.02481491389320146
-0.021803355527523476
-0.025231927262347645
-0.025062743920535806
-0.019972809667742345
-0.026909415933056433
-0.026412258117705697
-0.021117711721561766
-0.022805410565366176
-0.022720560451034544
-0.02108798180926446
-0.025304594276566752
-0.024457278517039122
-0.020829345605629726
-0.023838806654101888
-0.023767368782385993
-0.019015418308397227
-0.021998188710533672
-0.021986636824707716
-0.0202031701568127
-0.02495733822378089
-0.02380750911932808
-0.019133092813043543
-0.022509177628736183
-0.02250823049953434
-0.018779491883035706
-0.021462412427259842
-0.021428644079344528
-0.01959819979112513
-0.02182297415607421
-0.021483218624078624
-0.018750620679864664
-0.020380263165039714
-0.02053373111389229
-0.018742504218281452
-0.023111203643603563
-0.022658518413544937
-0.016741390275417427
-0.020876781008220376
-0.02073141878313411
-0.01911853146194391
-0.019560039879239995
-0.01977765744421722
-0.017968019252828243
-0.020091357305429935
-0.02007821963213358
-0.018986890058571834
-0.021167306305313972
-0.020511668508171287
-0.014213374795112301
-0.018340221451825338
-0.01838490864233233
-0.017438784266750662
-0.01907715722857123
-0.01898980093753989
-0.01895695089959265
-0.002721844499431533
-0.0028358480851112997
-0.001768588296311028
-0.0019472060816508585
-0.0023809215981258447
-0.0012575200640207603
-0.0014708657570788348
-0.0018464817506771592
-0.0011339885275435844
-0.0008774559400642702
-0.001767713966997955
-0.0006456274627166059
-0.0043887156272702866
-0.004587677430276045
-0.004981036208002986
-0.021769706373288768
-0.01908727242504382
-0.017889297391876436
-0.007445696506083383
-0.003252242673419561
-0.003975383095436372
-0.018439958705421807
-0.016198393460834203
-0.016938387103009912
-0.0020411325320400736
-0.0023917795178284283
-0.0036306964652175794
-0.0016757937449035107
-0.00415290057569222
-0.005497451977698703
-0.015777015590433638
-0.013964839430443325
-0.014687746267141763
-0.014888115484123209
-0.012028855143228172
-0.012455092697717055
-0.005018974959912387
-0.001766789072128064
-0.0029528386056358116
-5.8295826477597484e-05
-0.0019040013246009173
-0.003994734718384568
-0.010998431853472011
-0.010759289767313624
-0.010323802299322931
-0.008329161137406452
-0.006111520869140555
-0.00781722353797456
-0.0004741492473443467
-0.0009067357382638641
-0.002371434599941204
-0.0068620058294278485
-0.005426905867447581
-0.006206569463514056
-0.010994262199338422
-0.012946150787414647
-0.012963004007573537
-0.005979456893559621
-0.008992500695185555
-0.007370963693687117
-0.0036130826312297574
-0.004346505715029161
-0.002133031359749274
-0.006373621532105798
-0.004995672959181967
-0.003946604358264112
-8.21515259710616e-05
-0.0007377694967472596
-0.002450175084303241
-0.0033575493995112466
-0.0027474140981397326
-0.002450175084303241
-0.017380990746018492
-0.014499594994767783
-0.012908261183873448
-0.012846982952083133
-0.009637075625399734
-0.008824396232499473
-0.006387856582083505
-0.004520170129183717
-0.0038351348635728517
-0.0013457914985870226
-0.000451075861031273
0.007938309003950199
-0.007285971052882981
-0.007681372495432269
-0.005901739048665057
-0.016921766829842935
-0.017145462632699924
-0.01684942738775451
-0.018108148463567068
-0.01817813075922622
-0.0180936165944933
-0.01563535401622199
-0.01617265690242733
-0.016309393357344083
-0.017331956063124418
-0.017511614661167168
-0.017920732269372623
-0.014385571813923534
-0.01487335678265804
-0.014789001839471821
-0.01654392348487586
-0.01689471663797801
-0.01643451419919366
-0.012821665397262837
-0.013067421029605819
-0.013136186853365265
-0.015296515788024224
-0.015855095170852453
-0.014955076619430643
-0.01126199618129566
-0.011307097915869063
-0.01122895585924041
-0.014165756516415181
-0.014611533061025276
-0.01327961129626856
-0.0029037603351195203
-0.003304435145156205
-0.0020506554370281443
-0.005973751283265962
-0.005975567288741634
-0.0033673071264191433
-0.009970108108226164
-0.009707449949068317
-0.00949583672968002
-0.013214033795054795
-0.01345416515587411
-0.011712985332891931
-0.0083055085916136
-0.008273990980594175
-0.007950963617842565
-0.011720549331683608
-0.011994142998450587
-0.010148472541710717
-0.0034266866529861647
-0.0037060929528384707
-0.002068177109357891
-0.003415040740070001
-0.003720152017856403
-0.0021975089238681464
-0.010838488640708898
-0.010810644695496953
-0.00842750567107164
-0.0035132707567787553
-0.0033423881983884714
-0.00226250901719406
-0.009798296902673437
-0.00971877786345173
-0.00719858481751606
-0.003243925686828626
-0.003746715206805789
-0.0022171486032119023
-0.003424409453808733
-0.003289814485118727
-0.002045717081173187
-0.00840010274752358
-0.00850501413965018
-0.005488611495580012
-0.0032183813983184964
-0.0029457906620852453
-0.0019926070467291943
-0.007239119834821917
-0.007331621412968636
-0.004369126607544592
-0.0027274210267311293
-0.00272549692577877
-0.0017298234615056843
-0.006040757582672182
-0.005919456913234894
-0.0032369904306691977
-0.002474850390761387
-0.0027876741412466276
-0.0018188897660653745
-0.0021583516709523264
-0.002021359855319962
-0.001645512359721854
-0.0016966020469024357
-0.0013389577587398305
-0.001611338912028577
-0.001186381633724138
-0.001032668126526298
-0.0012441892067388252
-0.0007369357767458828
-0.0006048922952075661
-0.0015181666328420215
-0.0005313174261899384
-0.0003005621879163625
-0.0010188708057436015
-0.0004965178431806572
-0.00019768766924181541
-0.0003760272436624657
-0.00016848872727943433
0.0
-0.0004160996664581598
-2.7048978225613674e-05
-3.781750605235104e-05
-0.00010690670111331696
-0.0009664541875335274
-0.001655033572036801
-0.0003405090567610693
-0.02873248005342775
-0.025228500100260395
-0.021232561386290535
-0.025566912673412094
-0.021136092085301185
-0.018121559548405518
-0.02314321025547204
-0.016869611255266436
-0.015406242726520079
-0.0028760483055676497
-0.0018982536995920867
0.006097441833719888
-0.004173855576271363
-0.002751576633800879
0.003665756586450905
-0.0015620934130375077
-0.001601577938295691
-0.0012893316321165753
-0.0047020753269528945
-0.004775184062659818
-0.0006651721201523253
-0.007411801987722726
-0.007104551742658471
-0.00635932856171375
-0.0019005566262763616
-0.002021671069788536
-0.0013392396548645414
-0.00420339594043114
-0.004298962393637301
-0.001928211680061881
-0.0017451741032882767
-0.001963122989841746
-0.0011995360068682707
-0.0033512931814465513
-0.0033462369253084044
-0.0014901810675396613
-0.0014516572870783514
-0.0016863315547186552
-0.000959115465908905
-0.0023922201766882582
-0.002503354315352066
-0.0008821605798732215
-0.0012200520615296658
-0.0014203223243753494
-0.0006604097813894176
-0.0016456726584659273
-0.0017026526298810352
-0.0006735586227685055
-0.0006282212274148964
-0.0006195854259457735
-0.0003197902276645801
-0.0006606720470008663
-0.0007585892557392019
-0.00024248673006933128
-0.00279666585048451
-0.0018102380521901932
-0.004389738693126903
-0.0017815356839783448
-0.0013285601371953322
-0.004791511195954874
-0.0030601016667397606
-0.0017689657913680832
0.0032551265572358756
-0.0031550944548225904
-0.0018942188164709367
0.005111647424131178
-0.006285026145894678
-0.00637638966506325
-0.004936075800321994
0.0
0.0
0.0
0.0
0.0
0.0
-0.0011057342691687738
-0.0007987483894746944
-0.003695364024987627
-0.0019100346106898107
-0.0011913791887315176
0.0008679112945155839
-0.002624526111314059
-0.0013291346940276338
0.0066253416257003655
-0.0017087916363119258
-0.0008545460277792108
0.00952554942555511
-0.001935347833436935
-0.0009144982062814558
0.006657313245258885
-0.0012353820663281987
-0.000469411493840485
0.006710397016163141
-0.0012619524859688754
-0.00045942247193261974
0.007711242924879835
-0.0007144915006242484
-0.0001377555052961161
0.005757430331184792
-0.0027605389008760447
-0.000649167244152806
-0.0018135729985148377
-0.0006380936138660108
-0.00032168093511872694
0.004619915803417064
-0.001039904948312056
-0.0002634742220597799
0.009787886032995363
-0.00040181133444604504
5.820671305894704e-05
0.005167970229578301
-0.0007897020113091756
-0.0007061418127700214
0.0013624584047201079
-0.003407047841365974
-0.0033657860210427803
0.001004257274735676
0.0008377735245827959
-0.0002814508886458331
-0.0012805402200713044
-0.0028380165128506505
-0.0013513582086684304
-0.0018479610872505618
-0.019686423407445693
-0.013956991768937662
-0.011677875551905042
0.0
-6.788011390608642e-05
4.503402072937259e-05
-0.00022655619712500972
-5.995217850224499e-05
-0.0028682361802962225
-0.0008722894262435631
-0.00013474929467162015
0.010457095573525262
-0.00045474492612854645
-1.3271714229453333e-06
0.008815849144961072
-0.0004813153457692231
-1.3271714229453333e-06
0.009535507394138207
-0.0008722894262435631
-0.00017351416596003921
0.009422092915780292
-8.971033518641251e-05
6.724016808899852e-05
0.0062799173627944216
-0.00019313907764357163
0.0002267056574624192
0.009397987134544917
-7.162515088957876e-05
0.00016441954410040385
0.008213625889597584
-7.162515088957876e-05
0.00016441954410040385
0.008213625889597584
-0.00010342874245715912
0.00015946548937342066
0.003118069771750502
-9.499278808283018e-05
-0.00012525302510285244
0.0018565208668953012
-2.6570419640676593e-05
9.989021907865413e-06
0.001000845908716697
-0.002068440492260466
-0.002034439223116176
0.0018514855115912615
-0.0010322478615391016
-0.001046808331351458
0.0020725635008672304
-0.0033133365559410606
-0.0031939599874561287
-0.0015071669691635163
-0.004020738436503427
-0.004385830750883393
-0.0023765195608153925
-0.004975693293714853
-0.0052151996545314536
-0.0034428944144068194
-0.001606119078158274
-0.0013831139354666575
-0.00029064506067139084
-0.0023028393141547765
-0.002277291323848763
-0.0005889720251973412
-0.0009405628896099062
-0.0008170227606334097
7.695488603568381e-05
0.0
0.0
0.0
0.0
0.0
0.0
0.0
0.0
0.0
0.0
0.0
0.0
-0.0006340699186062415
-0.000926133967815902
-0.000218551980777254
-0.0004187329363159091
-0.0006817575156674373
0.0
-0.0011705354901951832
-0.00017698182937997943
-0.0007644049167458009
0.00017363977190513812
-0.0001476795247942727
-0.0011230191459119581
-0.0007417094406128621
-0.000252921534448304
-0.0014835617466573729
0.00017363977190513812
-0.0001476795247942727
-0.001213429064719895
0.0009941028288312198
-9.670560889972393e-05
-0.0006127328515932063
6.656895416378321e-05
-0.00012427336817763556
-0.0007559220808165577
0.0004288260495823227
-7.59397050683246e-05
-0.0007191568299115724
0.001253144303540222
1.562769641634887e-06
-0.000311549151903532
0.0011088906785247305
-8.711877121378623e-05
-0.0005520809661223858
-0.0036757900374334448
-0.0010699073200225973
-0.0005674208671792577
-0.01368248890921419
-0.009130181339083656
-0.009190294289443058
-0.007966291976853456
-0.0039721939244731375
-0.0038224888195899933
-7.162515088957876e-05
0.00015539428327640526
0.006730088266517285
-7.162515088957876e-05
0.00015539428327640526
0.006730088266517285
-0.00048393993997689994
-0.0004837761687742744
0.0015305849748903117
-3.2450819585969895e-05
-0.00013900382979342848
7.730349759524886e-05
-0.00042562059693626125
-0.00028233030550568565
-1.3148841379087689e-05
-0.0003045733340754021
-0.00023532562006650155
0.0
-0.00014425362501549233
-8.868154085542112e-05
-0.0002405318142188538
0.0009502455716004313
-8.711877121378623e-05
-0.0004023627988555431
0.0009502455716004313
-8.711877121378623e-05
-0.0004023627988555431
-8.550984638956474e-06
7.529336147333172e-05
0.004458271417856152
-1.4387179208659275e-05
9.276865289909592e-05
0.005531403189730115
-5.836194569702794e-06
1.747529142576418e-05
0.0010731317718739582
-2.6570419640676593e-05
0.0
0.0007196582491771422
0.0
-3.876487128841912e-05
-0.0010350026577449665
5.319266947487229e-05
6.238581989961549e-05
0.0028858642374836865
5.319266947487229e-05
6.238581989961549e-05
0.0028858642374836865
2.4066749504819282e-05
0.0
0.000713346033379136
2.4066749504819282e-05
0.0
0.000713346033379136
-0.00019207300153493715
-5.45745447340976e-05
0.0012636787777186337
0.0
0.0
0.0
0.0
0.0
0.0
0.0
0.0
0.0
0.000660118571022305
0.0
-0.00020546804851620664
0.0006260597717631727
0.0
-0.00020546804851620664
-0.0009275338746674358
-2.7567759277911644e-05
-0.00014318922922335135
0.00045544880475373154
0.0
-5.796418934179233e-05
0.000527426504979374
0.0
-0.00012445422411746067
0.00017695355513691402
0.0
-5.796418934179233e-05
0.00017695355513691402
0.0
-5.796418934179233e-05
-3.405879925913222e-05
0.0
0.0
-0.003133386024637222
-0.002009644601392473
0.0
7.19777002256425e-05
0.0
-6.649003477566833e-05
-0.00014201184890296192
0.0
0.0
7.107963982531499e-05
0.0
0.0
7.107963982531499e-05
0.0
0.0
2.0291362545126647e-05
0.0
0.0
2.0291362545126647e-05
0.0
0.0
-1.1482271965997271e-06
0.0
0.0
0.0
0.0
-9.040991880793677e-05
0.0
0.0
0.0
0.0
0.0
0.0
0.0
0.0
0.0
0.0
0.0
0.0
0.0
0.0
0.0
0.0
0.0
0.0
0.0
0.0
0.0
0.0
0.0
0.0
0.0
0.0
0.0
0.0
0.0
0.0
0.0
0.0
0.0
0.0
0.0
0.0
0.0
0.0
0.0
0.0
0.0
0.0
0.0
0.0
0.0
0.0
0.0
0.0
0.0
0.0
0.0
0.0
0.0
0.0
0.0
0.0
0.0
0.0
0.0
0.0
0.0
0.0
0.0
0.0
0.0
0.0
0.0
0.0
0.0
0.0
0.0
0.0
0.0
0.0
0.0
0.0
0.0
0.0
0.0
0.0
0.0
0.0
0.0
0.0
0.0
0.0
0.0
0.0
0.0
0.0
0.0
0.0
0.0
0.0
0.0
0.0
0.0
0.0
0.0
0.0
0.0
0.0
0.0
0.0
0.0
0.0
0.0
0.0
0.0
0.0
0.0
0.0
0.0
0.0
0.0
0.0
0.0
0.0
0.0
0.0
0.0
0.0
0.0
0.0
0.0
0.0
0.0
0.0
0.0
0.0
0.0
0.0
0.0
0.0
0.0
0.0
0.0
0.0
0.0
0.0
0.0
0.0
0.0
0.0
0.0
0.0
0.0
0.0
0.0
0.0
0.0
0.0
0.0
0.0
0.0
0.0
0.0
0.0
0.0
0.0
0.0
0.0
0.0
0.0
0.0
0.0
0.0
0.0
0.0
0.0
0.0
0.0
0.0
0.0
0.0
0.0
0.0
0.0
0.0
0.0
0.0
0.0
0.0
0.0
0.0
0.0
0.0
0.0
0.0
0.0
0.0
0.0
0.0
0.0
0.0
0.0
0.0
0.0
0.0
0.0
0.0
0.0
0.0
0.0
0.0
0.0
0.0
0.0
0.0
0.0
0.0
0.0
0.0
0.0
0.0
0.0
0.0
0.0
0.0
0.0
0.0
0.0
0.0
0.0
0.0
0.0
0.0
0.0
0.0
0.0
0.0
0.0
0.0
0.0
0.0
0.0
0.0
0.0
0.0
0.0
0.0
0.0
0.0
0.0
0.0
0.0
0.0
0.0
0.0
0.0
0.0
0.0
0.0
0.0
0.0
0.0
0.0
0.0
0.0
0.0
0.0
0.0
0.0
0.0
0.0
0.0
0.0
0.0
0.0
0.0
0.0
0.0
0.0
0.0
0.0
0.0
0.0
0.0
0.0
0.0
0.0
0.0
0.0
0.0
0.0
0.0
0.0
0.0
0.0
0.0
0.0
0.0
0.0
0.0
0.0
0.0
0.0
0.0
0.0
0.0
0.0
0.0
0.0
0.0
0.0
0.0
0.0
0.0
0.0
0.0
0.0
0.0
0.0
0.0
0.0
0.0
0.0
0.0
0.0
0.0
0.0
0.0
0.0
0.0
0.0
0.0
0.0
0.0
0.0
0.0
0.0
0.0
0.0
0.0
0.0
0.0
0.0
0.0
0.0
0.0
0.0
0.0
0.0
0.0
0.0
0.0
0.0
0.0
0.0
0.0
0.0
0.0
0.0
0.0
0.0
0.0
0.0
0.0
0.0
0.0
0.0
0.0
0.0
0.0
0.0
0.0
0.0
0.0
0.0
0.0
0.0
0.0
0.0
0.0
0.0
0.0
0.0
0.0
0.0
0.0
0.0
0.0
0.0
0.0
0.0
0.0
0.0
0.0
0.0
0.0
0.0
0.0
0.0
0.0
0.0
0.0
0.0
0.0
0.0
0.0
0.0
0.0
0.0
0.0
0.0
0.0
0.0
0.0
0.0
0.0
0.0
0.0
0.0
0.0
0.0
0.0
0.0
0.0
0.0
0.0
0.0
0.0
0.0
0.0
0.0
0.0
0.0
0.0
0.0
0.0
0.0
0.0
0.0
0.0
0.0
0.0
0.0
0.0
0.0
0.0
0.0
0.0
0.0
0.0
0.0
0.0
0.0
0.0
0.0
0.0
0.0
0.0
0.0
0.0
0.0
0.0
0.0
0.0
0.0
0.0
0.0
0.0
0.0
0.0
0.0
0.0
0.0
0.0
0.0
0.0
0.0
0.0
0.0
0.0
0.0
0.0
0.0
0.0
0.0
0.0
0.0
0.0
0.0
0.0
0.0
0.0
0.0
0.0
0.0
0.0
0.0
0.0
0.0
0.0
0.0
0.0
0.0
0.0
0.0
0.0
0.0
0.0
0.0
0.0
0.0
0.0
0.0
0.0
0.0
0.0
0.0
0.0
0.0
0.0
0.0
0.0
0.0
0.0
0.0
0.0
0.0
0.0
0.0
0.0
0.0
0.0
0.0
0.0
0.0
0.0
0.0
0.0
0.0
0.0
0.0
0.0
0.0
0.0
0.0
0.0
0.0
0.0
0.0
0.0
0.0
0.0
0.0
0.0
0.0
0.0
0.0
0.0
0.0
0.0
0.0
0.0
0.0
0.0
0.0
0.0
0.0
0.0
0.0
0.0
0.0
0.0
0.0
0.0
0.0
0.0
0.0
0.0
0.0
0.0
0.0
0.0
0.0
0.0
0.0
0.0
0.0
0.0
0.0
0.0
0.0
0.0
0.0
0.0
0.0
0.0
0.0
0.0
0.0
0.0
0.0
0.0
0.0
0.0
0.0
0.0
0.0
0.0
0.0
0.0
0.0
0.0
0.0
0.0
0.0
0.0
0.0
0.0
0.0
0.0
0.0
0.0
0.0
0.0
0.0
0.0
0.0
0.0
0.0
0.0
0.0
0.0
0.0
0.0
0.0
0.0
0.0
0.0
0.0
0.0
0.0
0.0
0.0
0.0
0.0
0.0
0.0
0.0
0.0
0.0
0.0
0.0
0.0
0.0
0.0
0.0
0.0
0.0
0.0
0.0
0.0
0.0
0.0
0.0
0.0
0.0
0.0
0.0
0.0
0.0
0.0
0.0
0.0
0.0
0.0
0.0
0.0
0.0
0.0
0.0
0.0
0.0
0.0
0.0
0.0
0.0
0.0
0.0
0.0
0.0
0.0
0.0
0.0
0.0
0.0
0.0
0.0
0.0
0.0
0.0
0.0
0.0
0.0
0.0
0.0
0.0
0.0
0.0
0.0
0.0
0.0
0.0
0.0
0.0
0.0
0.0
0.0
0.0
0.0
0.0
0.0
0.0
0.0
0.0
0.0
0.0
0.0
0.0
0.0
0.0
0.0
0.0
0.0
0.0
0.0
0.0
0.0
0.0
0.0
0.0
0.0
0.0
0.0
0.0
0.0
0.0
0.0
0.0
0.0
0.0
0.0
0.0
0.0
0.0
0.0
0.0
0.0
0.0
0.0
0.0
0.0
0.0
0.0
0.0
0.0
0.0
0.0
0.0
0.0
0.0
0.0
0.0
0.0
0.0
0.0
0.0
0.0
0.0
0.0
0.0
0.0
0.0
0.0
0.0
0.0
0.0
0.0
0.0
0.0
0.0
0.0
0.0
0.0
0.0
0.0
0.0
0.0
0.0
0.0
0.0
0.0
0.0
0.0
0.0
0.0
0.0
0.0
0.0
0.0
0.0
0.0
0.0
0.0
0.0
0.0
0.0
0.0
0.0
0.0
0.0
0.0
0.0
0.0
0.0
0.0
0.0
0.0
0.0
0.0
0.0
0.0
0.0
0.0
0.0
0.0
0.0
0.0
0.0
0.0
0.0
0.0
0.0
0.0
0.0
0.0
0.0
0.0
0.0
0.0
0.0
0.0
0.0
0.0
0.0
0.0
0.0
0.0
0.0
0.0
0.0
0.0
0.0
0.0
0.0
0.0
0.0
0.0
0.0
0.0
0.0
0.0
0.0
0.0
0.0
0.0
0.0
0.0
0.0
0.0
0.0
0.0
0.0
0.0
0.0
0.0
0.0
0.0
0.0
0.0
0.0
0.0
0.0
0.0
0.0
0.0
0.0
0.0
0.0
0.0
0.0
0.0
0.0
0.0
0.0
0.0
0.0
0.0
0.0
0.0
0.0
0.0
0.0
0.0
0.0
0.0
0.0
0.0
0.0
0.0
0.0
0.0
0.0
0.0
0.0
0.0
0.0
0.0
0.0
0.0
0.0
0.0
0.0
0.0
0.0
0.0
0.0
0.0
0.0
0.0
0.0
0.0
0.0
0.0
0.0
0.0
0.0
0.0
0.0
0.0
0.0
0.0
0.0
0.0
0.0
0.0
0.0
0.0
0.0
0.0
0.0
0.0
0.0
0.0
0.0
0.0
0.0
0.0
0.0
0.0
0.0
0.0
0.0
0.0
0.0
0.0
0.0
0.0
0.0
0.0
0.0
0.0
0.0
0.0
0.0
0.0
0.0
0.0
0.0
0.0
0.0
0.0
0.0
0.0
0.0
0.0
0.0
0.0
0.0
0.0
0.0
0.0
0.0
0.0
0.0
0.0
0.0
0.0
0.0
0.0
0.0
0.0
0.0
0.0
0.0
0.0
0.0
0.0
0.0
0.0
0.0
0.0
0.0
0.0
0.0
0.0
0.0
0.0
0.0
0.0
0.0
0.0
0.0
0.0
0.0
0.0
0.0
0.0
0.0
0.0
0.0
0.0
0.0
0.0
0.0
0.0
0.0
0.0
0.0
0.0
0.0
0.0
0.0
0.0
0.0
0.0
0.0
0.0
0.0
0.0
0.0
0.0
0.0
0.0
0.0
0.0
0.0
0.0
0.0
0.0
0.0
0.0
0.0
0.0
0.0
0.0
0.0
0.0
0.0
0.0
0.0
0.0
0.0
0.0
0.0
0.0
0.0
0.0
0.0
0.0
0.0
0.0
0.0
0.0
0.0
0.0
0.0
0.0
0.0
0.0
0.0
0.0
0.0
0.0
0.0
0.0
0.0
0.0
0.0
0.0
0.0
0.0
0.0
0.0
0.0
0.0
0.0
0.0
0.0
0.0
0.0
0.0
0.0
0.0
0.0
0.0
0.0
0.0
0.0
0.0
0.0
0.0
0.0
0.0
0.0
0.0
0.0
0.0
0.0
0.0
0.0
0.0
0.0
0.0
0.0
0.0
0.0
0.0
0.0
0.0
0.0
0.0
0.0
0.0
0.0
0.0
0.0
0.0
0.0
0.0
0.0
0.0
0.0
0.0
0.0
0.0
0.0
0.0
0.0
0.0
0.0
0.0
0.0
0.0
0.0
0.0
0.0
0.0
0.0
0.0
0.0
0.0
0.0
0.0
0.0
0.0
0.0
0.0
0.0
0.0
0.0
0.0
0.0
0.0
0.0
0.0
0.0
0.0
0.0
0.0
0.0
0.0
0.0
0.0
0.0
0.0
0.0
0.0
0.0
0.0
0.0
0.0
0.0
0.0
0.0
0.0
0.0
0.0
0.0
0.0
0.0
0.0
0.0
0.0
0.0
0.0
0.0
0.0
0.0
0.0
0.0
0.0
0.0
0.0
0.0
0.0
0.0
0.0
0.0
0.0
0.0
0.0
0.0
0.0
0.0
0.0
0.0
0.0
0.0
0.0
0.0
0.0
0.0
0.0
0.0
0.0
0.0
0.0
0.0
0.0
0.0
0.0
0.0
0.0
0.0
0.0
0.0
0.0
0.0
0.0
0.0
0.0
0.0
0.0
0.0
0.0
0.0
0.0
0.0
0.0
0.0
0.0
0.0
0.0
0.0
0.0
0.0
0.0
0.0
0.0
0.0
0.0
0.0
0.0
0.0
0.0
0.0
0.0
0.0
0.0
0.0
0.0
0.0
0.0
0.0
0.0
0.0
0.0
0.0
0.0
0.0
0.0
0.0
0.0
0.0
0.0
0.0
0.0
0.0
0.0
0.0
0.0
0.0
0.0
0.0
0.0
0.0
0.0
0.0
0.0
0.0
0.0
0.0
0.0
0.0
0.0
0.0
0.0
0.0
0.0
0.0
0.0
0.0
0.0
0.0
0.0
0.0
0.0
0.0
0.0
0.0
0.0
0.0
0.0
0.0
0.0
0.0
0.0
0.0
0.0
0.0
0.0
0.0
0.0
0.0
0.0
0.0
0.0
0.0
0.0
0.0
0.0
0.0
0.0
0.0
0.0
0.0
0.0
0.0
0.0
0.0
0.0
0.0
0.0
0.0
0.0
0.0
0.0
0.0
0.0
0.0
0.0
0.0
0.0
0.0
0.0
0.0
0.0
0.0
0.0
0.0
0.0
0.0
0.0
0.0
0.0
0.0
0.0
0.0
0.0
0.0
0.0
0.0
0.0
0.0
0.0
0.0
0.0
0.0
0.0
0.0
0.0
0.0
0.0
0.0
0.0
0.0
0.0
0.0
0.0
0.0
0.0
0.0
0.0
0.0
0.0
0.0
0.0
0.0
0.0
0.0
0.0
0.0
0.0
0.0
0.0
0.0
0.0
0.0
0.0
0.0
0.0
0.0
0.0
0.0
0.0
0.0
0.0
0.0
0.0
0.0
0.0
0.0
0.0
0.0
0.0
0.0
0.0
0.0
0.0
0.0
0.0
0.0
0.0
0.0
0.0
0.0
0.0
0.0
0.0
0.0
0.0
0.0
0.0
0.0
0.0
0.0
0.0
0.0
0.0
0.0
0.0
0.0
0.0
0.0
0.0
0.0
0.0
0.0
0.0
0.0
0.0
0.0
0.0
0.0
0.0
0.0
0.0
0.0
0.0
0.0
0.0
0.0
0.0
0.0
0.0
0.0
0.0
0.0
0.0
0.0
0.0
0.0
0.0
0.0
0.0
0.0
0.0
0.0
0.0
0.0
0.0
0.0
0.0
0.0
0.0
0.0
0.0
0.0
0.0
0.0
0.0
0.0
0.0
0.0
0.0
0.0
0.0
0.0
0.0
0.0
0.0
0.0
0.0
0.0
0.0
0.0
0.0
0.0
0.0
0.0
0.0
0.0
0.0
0.0
0.0
0.0
0.0
0.0
0.0
0.0
0.0
0.0
0.0
0.0
0.0
0.0
0.0
0.0
0.0
0.0
0.0
0.0
0.0
0.0
0.0
0.0
0.0
0.0
0.0
0.0
0.0
0.0
0.0
0.0
0.0
0.0
0.0
0.0
0.0
0.0
0.0
0.0
0.0
0.0
0.0
0.0
0.0
0.0
0.0
0.0
0.0
0.0
0.0
0.0
0.0
0.0
0.0
0.0
0.0
0.0
0.0
0.0
0.0
0.0
0.0
0.0
0.0
0.0
0.0
0.0
0.0
0.0
0.0
0.0
0.0
0.0
0.0
0.0
0.0
0.0
0.0
0.0
0.0
0.0
0.0
0.0
0.0
0.0
0.0
0.0
0.0
0.0
0.0
0.0
0.0
0.0
0.0
0.0
0.0
0.0
0.0
0.0
0.0
0.0
0.0
0.0
0.0
0.0
0.0
0.0
0.0
0.0
0.0
0.0
0.0
0.0
0.0
0.0
0.0
0.0
0.0
0.0
0.0
0.0
0.0
0.0
0.0
0.0
0.0
0.0
0.0
0.0
0.0
0.0
0.0
0.0
0.0
0.0
0.0
0.0
0.0
0.0
0.0
0.0
0.0
0.0
0.0
0.0
0.0
0.0
0.0
0.0
0.0
0.0
0.0
0.0
0.0
0.0
0.0
0.0
0.0
0.0
0.0
0.0
0.0
0.0
0.0
0.0
0.0
0.0
0.0
0.0
0.0
0.0
0.0
0.0
0.0
0.0
0.0
0.0
0.0
0.0
0.0
0.0
0.0
0.0
0.0
0.0
0.0
0.0
0.0
0.0
0.0
0.0
0.0
0.0
0.0
0.0
0.0
0.0
0.0
0.0
0.0
0.0
0.0
0.0
0.0
0.0
0.0
0.0
0.0
0.0
0.0
0.0
0.0
0.0
0.0
0.0
0.0
0.0
0.0
0.0
0.0
0.0
0.0
0.0
0.0
0.0
0.0
0.0
0.0
0.0
0.0
0.0
0.0
0.0
0.0
0.0
0.0
0.0
0.0
0.0
0.0
0.0
0.0
0.0
0.0
0.0
0.0
0.0
0.0
0.0
0.0
0.0
0.0
0.0
0.0
0.0
0.0
0.0
0.0
0.0
0.0
0.0
0.0
0.0
0.0
0.0
0.0
0.0
0.0
0.0
0.0
0.0
0.0
0.0
0.0
0.0
0.0
0.0
0.0
0.0
0.0
0.0
0.0
0.0
0.0
0.0
0.0
0.0
0.0
0.0
0.0
0.0
0.0
0.0
0.0
0.0
0.0
0.0
0.0
0.0
0.0
0.0
0.0
0.0
0.0
0.0
0.0
0.0
0.0
0.0
0.0
0.0
0.0
0.0
0.0
0.0
0.0
0.0
0.0
0.0
0.0
0.0
0.0
0.0
0.0
0.0
0.0
0.0
0.0
0.0
0.0
0.0
0.0
0.0
0.0
0.0
0.0
0.0
0.0
0.0
0.0
0.0
0.0
0.0
0.0
0.0
0.0
0.0
0.0
0.0
0.0
0.0
0.0
0.0
0.0
0.0
0.0
0.0
0.0
0.0
0.0
0.0
0.0
0.0
0.0
0.0
0.0
0.0
0.0
0.0
0.0
0.0
0.0
0.0
0.0
0.0
0.0
0.0
0.0
0.0
0.0
0.0
0.0
0.0
0.0
0.0
0.0
0.0
0.0
0.0
0.0
0.0
0.0
0.0
0.0
0.0
0.0
0.0
0.0
0.0
0.0
0.0
0.0
0.0
0.0
0.0
0.0
0.0
0.0
0.0
0.0
0.0
0.0
0.0
0.0
0.0
0.0
0.0
0.0
0.0
0.0
0.0
0.0
0.0
0.0
0.0
0.0
0.0
0.0
0.0
0.0
0.0
0.0
0.0
0.0
0.0
0.0
0.0
0.0
0.0
0.0
0.0
0.0
0.0
0.0
0.0
0.0
0.0
0.0
0.0
0.0
0.0
0.0
0.0
0.0
0.0
0.0
0.0
0.0
0.0
0.0
0.0
0.0
0.0
0.0
0.0
0.0
0.0
0.0
0.0
0.0
0.0
0.0
0.0
0.0
0.0
0.0
0.0
0.0
0.0
0.0
0.0
0.0
0.0
0.0
0.0
0.0
0.0
0.0
0.0
0.0
0.0
0.0
0.0
0.0
0.0
0.0
0.0
0.0
0.0
0.0
0.0
0.0
0.0
0.0
0.0
0.0
0.0
0.0
0.0
0.0
0.0
0.0
0.0
0.0
0.0
0.0
0.0
0.0
0.0
0.0
0.0
0.0
0.0
0.0
0.0
0.0
0.0
0.0
0.0
0.0
0.0
0.0
0.0
0.0
0.0
0.0
0.0
0.0
0.0
0.0
0.0
0.0
0.0
0.0
0.0
0.0
0.0
0.0
0.0
0.0
0.0
0.0
0.0
0.0
0.0
0.0
0.0
0.0
0.0
0.0
0.0
0.0
0.0
0.0
0.0
0.0
0.0
0.0
0.0
0.0
0.0
0.0
0.0
0.0
0.0
0.0
0.0
0.0
0.0
0.0
0.0
0.0
0.0
0.0
0.0
0.0
0.0
0.0
0.0
0.0
0.0
0.0
0.0
0.0
0.0
0.0
0.0
0.0
0.0
0.0
0.0
0.0
0.0
0.0
0.0
0.0
0.0
0.0
0.0
0.0
0.0
0.0
0.0
0.0
0.0
0.0
0.0
0.0
0.0
0.0
0.0
0.0
0.0
0.0
0.0
0.0
0.0
0.0
0.0
0.0
0.0
0.0
0.0
0.0
0.0
0.0
0.0
0.0
0.0
0.0
0.0
0.0
0.0
0.0
0.0
0.0
0.0
0.0
0.0
0.0
0.0
0.0
0.0
0.0
0.0
0.0
0.0
0.0
0.0
0.0
0.0
0.0
0.0
0.0
0.0
0.0
0.0
0.0
0.0
0.0
0.0
0.0
0.0
0.0
0.0
0.0
0.0
0.0
0.0
0.0
0.0
0.0
0.0
0.0
0.0
0.0
0.0
0.0
0.0
0.0
0.0
0.0
0.0
0.0
0.0
0.0
0.0
0.0
0.0
0.0
0.0
0.0
0.0
0.0
0.0
0.0
0.0
0.0
0.0
0.0
0.0
0.0
0.0
0.0
0.0
0.0
0.0
0.0
0.0
0.0
0.0
0.0
0.0
0.0
0.0
0.0
0.0
0.0
0.0
0.0
0.0
0.0
0.0
0.0
0.0
0.0
0.0
0.0
0.0
0.0
0.0
0.0
0.0
0.0
0.0
0.0
0.0
0.0
0.0
0.0
0.0
0.0
0.0
0.0
0.0
0.0
0.0
0.0
0.0
0.0
0.0
0.0
0.0
0.0
0.0
0.0
0.0
0.0
0.0
0.0
0.0
0.0
0.0
0.0
0.0
0.0
0.0
0.0
0.0
0.0
0.0
0.0
0.0
0.0
0.0
0.0
0.0
0.0
0.0
0.0
0.0
0.0
0.0
0.0
0.0
0.0
0.0
0.0
0.0
0.0
0.0
0.0
0.0
0.0
0.0
0.0
0.0
0.0
0.0
0.0
0.0
0.0
0.0
0.0
0.0
0.0
0.0
0.0
0.0
0.0
0.0
0.0
0.0
0.0
0.0
0.0
0.0
0.0
0.0
0.0
0.0
0.0
0.0
0.0
0.0
0.0
0.0
0.0
0.0
0.0
0.0
0.0
0.0
0.0
0.0
0.0
0.0
0.0
0.0
0.0
0.0
0.0
0.0
0.0
0.0
0.0
0.0
0.0
0.0
0.0
0.0
0.0
0.0
0.0
0.0
0.0
0.0
0.0
0.0
0.0
0.0
0.0
0.0
0.0
0.0
0.0
0.0
0.0
0.0
0.0
0.0
0.0
0.0
0.0
0.0
0.0
0.0
0.0
0.0
0.0
0.0
0.0
0.0
0.0
0.0
0.0
0.0
0.0
0.0
0.0
0.0
0.0
0.0
0.0
0.0
0.0
0.0
0.0
0.0
0.0
0.0
0.0
0.0
0.0
0.0
0.0
0.0
0.0
0.0
0.0
0.0
0.0
0.0
0.0
0.0
0.0
0.0
0.0
0.0
0.0
0.0
0.0
0.0
0.0
0.0
0.0
0.0
0.0
0.0
0.0
0.0
0.0
0.0
0.0
0.0
0.0
0.0
0.0
0.0
0.0
0.0
0.0
0.0
0.0
0.0
0.0
0.0
0.0
0.0
0.0
0.0
0.0
0.0
0.0
0.0
0.0
0.0
0.0
0.0
0.0
0.0
0.0
0.0
0.0
0.0
0.0
0.0
0.0
0.0
0.0
0.0
0.0
0.0
0.0
0.0
0.0
0.0
0.0
0.0
0.0
0.0
0.0
0.0
0.0
0.0
0.0
0.0
0.0
0.0
0.0
0.0
0.0
0.0
0.0
0.0
0.0
0.0
0.0
0.0
0.0
0.0
0.0
0.0
0.0
0.0
0.0
0.0
0.0
0.0
0.0
0.0
0.0
0.0
0.0
0.0
0.0
0.0
0.0
0.0
0.0
0.0
0.0
0.0
0.0
0.0
0.0
0.0
0.0
0.0
0.0
0.0
0.0
0.0
0.0
0.0
0.0
0.0
0.0
0.0
0.0
0.0
0.0
0.0
0.0
0.0
0.0
0.0
0.0
0.0
0.0
0.0
0.0
0.0
0.0
0.0
0.0
0.0
0.0
0.0
0.0
0.0
0.0
0.0
0.0
0.0
0.0
0.0
0.0
0.0
0.0
0.0
0.0
0.0
0.0
0.0
0.0
0.0
0.0
0.0
0.0
0.0
0.0
0.0
0.0
0.0
0.0
0.0
0.0
0.0
0.0
0.0
0.0
0.0
0.0
0.0
0.0
0.0
0.0
0.0
0.0
0.0
0.0
0.0
0.0
0.0
0.0
0.0
0.0
0.0
0.0
0.0
0.0
0.0
0.0
0.0
0.0
0.0
0.0
0.0
0.0
0.0
0.0
0.0
0.0
0.0
0.0
0.0
0.0
0.0
0.0
0.0
0.0
0.0
0.0
0.0
0.0
0.0
0.0
0.0
0.0
0.0
0.0
0.0
0.0
0.0
0.0
0.0
0.0
0.0
0.0
0.0
0.0
0.0
0.0
0.0
0.0
0.0
0.0
0.0
0.0
0.0
0.0
0.0
0.0
0.0
0.0
0.0
0.0
0.0
0.0
0.0
0.0
0.0
0.0
0.0
0.0
0.0
0.0
0.0
0.0
0.0
0.0
0.0
0.0
0.0
0.0
0.0
0.0
0.0
0.0
0.0
0.0
0.0
0.0
0.0
0.0
0.0
0.0
0.0
0.0
0.0
0.0
0.0
0.0
0.0
0.0
0.0
0.0
0.0
0.0
0.0
0.0
0.0
0.0
0.0
0.0
0.0
0.0
0.0
0.0
0.0
0.0
0.0
0.0
0.0
0.0
0.0
0.0
0.0
0.0
0.0
0.0
0.0
0.0
0.0
0.0
0.0
0.0
0.0
0.0
0.0
0.0
0.0
0.0
0.0
0.0
0.0
0.0
0.0
0.0
0.0
0.0
0.0
0.0
0.0
0.0
0.0
0.0
0.0
0.0
0.0
0.0
0.0
0.0
0.0
0.0
0.0
0.0
0.0
0.0
0.0
0.0
0.0
0.0
0.0
0.0
0.0
0.0
0.0
0.0
0.0
0.0
0.0
0.0
0.0
0.0
0.0
0.0
0.0
0.0
0.0
0.0
0.0
0.0
0.0
0.0
0.0
0.0
0.0
0.0
0.0
0.0
0.0
0.0
0.0
0.0
0.0
0.0
0.0
0.0
0.0
0.0
0.0
0.0
0.0
0.0
0.0
0.0
0.0
0.0
0.0
0.0
0.0
0.0
0.0
0.0
0.0
0.0
0.0
0.0
0.0
0.0
0.0
0.0
0.0
0.0
0.0
0.0
0.0
0.0
0.0
0.0
0.0
0.0
0.0
0.0
0.0
0.0
0.0
0.0
0.0
0.0
0.0
0.0
0.0
0.0
0.0
0.0
0.0
0.0
0.0
0.0
0.0
0.0
0.0
0.0
0.0
0.0
0.0
0.0
0.0
0.0
0.0
0.0
0.0
0.0
0.0
0.0
0.0
0.0
0.0
0.0
0.0
0.0
0.0
0.0
0.0
0.0
0.0
0.0
0.0
0.0
0.0
0.0
0.0
0.0
0.0
0.0
0.0
0.0
0.0
0.0
0.0
0.0
0.0
0.0
0.0
0.0
0.0
0.0
0.0
0.0
0.0
0.0
0.0
0.0
0.0
0.0
0.0
0.0
0.0
0.0
0.0
0.0
0.0
0.0
0.0
0.0
0.0
0.0
0.0
0.0
0.0
0.0
0.0
0.0
0.0
0.0
0.0
0.0
0.0
0.0
0.0
0.0
0.0
0.0
0.0
0.0
0.0
0.0
0.0
0.0
0.0
0.0
0.0
0.0
0.0
0.0
0.0
0.0
0.0
0.0
0.0
0.0
0.0
0.0
0.0
0.0
0.0
0.0
0.0
0.0
0.0
0.0
0.0
0.0
0.0
0.0
0.0
0.0
0.0
0.0
0.0
0.0
0.0
0.0
0.0
0.0
0.0
0.0
0.0
0.0
0.0
0.0
0.0
0.0
0.0
0.0
0.0
0.0
0.0
0.0
0.0
0.0
0.0
0.0
0.0
0.0
0.0
0.0
0.0
0.0
0.0
0.0
0.0
0.0
0.0
0.0
0.0
0.0
0.0
0.0
0.0
0.0
0.0
0.0
0.0
0.0
0.0
0.0
0.0
0.0
0.0
0.0
0.0
0.0
0.0
0.0
0.0
0.0
0.0
0.0
0.0
0.0
0.0
0.0
0.0
0.0
0.0
0.0
0.0
0.0
0.0
0.0
0.0
0.0
0.0
0.0
0.0
0.0
0.0
0.0
0.0
0.0
0.0
0.0
0.0
0.0
0.0
0.0
0.0
0.0
0.0
0.0
0.0
0.0
0.0
0.0
0.0
0.0
0.0
0.0
0.0
0.0
0.0
0.0
0.0
0.0
0.0
0.0
0.0
0.0
0.0
0.0
0.0
0.0
0.0
0.0
0.0
0.0
0.0
0.0
0.0
0.0
0.0
0.0
0.0
0.0
0.0
0.0
0.0
0.0
0.0
0.0
0.0
0.0
0.0
0.0
0.0
0.0
0.0
0.0
0.0
0.0
0.0
0.0
0.0
0.0
0.0
0.0
0.0
0.0
0.0
0.0
0.0
0.0
0.0
0.0
0.0
0.0
0.0
0.0
0.0
0.0
0.0
0.0
0.0
0.0
0.0
0.0
0.0
0.0
0.0
0.0
0.0
0.0
0.0
0.0
0.0
0.0
0.0
0.0
0.0
0.0
0.0
0.0
0.0
0.0
0.0
0.0
0.0
0.0
0.0
0.0
0.0
0.0
0.0
0.0
0.0
0.0
0.0
0.0
0.0
0.0
0.0
0.0
0.0
0.0
0.0
0.0
0.0
0.0
0.0
0.0
0.0
0.0
0.0
0.0
0.0
0.0
0.0
0.0
0.0
0.0
0.0
0.0
0.0
0.0
0.0
0.0
0.0
0.0
0.0
0.0
0.0
0.0
0.0
0.0
0.0
0.0
0.0
0.0
0.0
0.0
0.0
0.0
0.0
0.0
0.0
0.0
0.0
0.0
0.0
0.0
0.0
0.0
0.0
0.0
0.0
0.0
0.0
0.0
0.0
0.0
0.0
0.0
0.0
0.0
0.0
0.0
0.0
0.0
0.0
0.0
0.0
0.0
0.0
0.0
0.0
0.0
0.0
0.0
0.0
0.0
0.0
0.0
0.0
0.0
0.0
0.0
0.0
0.0
0.0
0.0
0.0
0.0
0.0
0.0
0.0
0.0
0.0
0.0
0.0
0.0
0.0
0.0
0.0
0.0
0.0
0.0
0.0
0.0
0.0
0.0
0.0
0.0
0.0
0.0
0.0
0.0
0.0
0.0
0.0
0.0
0.0
0.0
0.0
0.0
0.0
0.0
0.0
0.0
0.0
0.0
0.0
0.0
0.0
0.0
0.0
0.0
0.0
0.0
0.0
0.0
0.0
0.0
0.0
0.0
0.0
0.0
0.0
0.0
0.0
0.0
0.0
0.0
0.0
0.0
0.0
0.0
0.0
0.0
0.0
0.0
0.0
0.0
0.0
0.0
0.0
0.0
0.0
0.0
0.0
0.0
0.0
0.0
0.0
0.0
0.0
0.0
0.0
0.0
0.0
0.0
0.0
0.0
0.0
0.0
0.0
0.0
0.0
0.0
0.0
0.0
0.0
0.0
0.0
0.0
0.0
0.0
0.0
0.0
0.0
0.0
0.0
0.0
0.0
0.0
0.0
0.0
0.0
0.0
0.0
0.0
0.0
0.0
0.0
0.0
0.0
0.0
0.0
0.0
0.0
0.0
0.0
0.0
0.0
0.0
0.0
0.0
0.0
0.0
0.0
0.0
0.0
0.0
0.0
0.0
0.0
0.0
0.0
0.0
0.0
0.0
0.0
0.0
0.0
0.0
0.0
0.0
0.0
0.0
0.0
0.0
0.0
0.0
0.0
0.0
0.0
0.0
0.0
0.0
0.0
0.0
0.0
0.0
0.0
0.0
0.0
0.0
0.0
0.0
0.0
0.0
0.0
0.0
0.0
0.0
0.0
0.0
0.0
0.0
0.0
0.0
0.0
0.0
0.0
0.0
0.0
0.0
0.0
0.0
0.0
0.0
0.0
0.0
0.0
0.0
0.0
0.0
0.0
0.0
0.0
0.0
0.0
0.0
0.0
0.0
0.0
0.0
0.0
0.0
0.0
0.0
0.0
0.0
0.0
0.0
0.0
0.0
